<?xml version="1.0" encoding="UTF-8"?>
<testsuite xmlns:xsi="http://www.w3.org/2001/XMLSchema-instance" xsi:noNamespaceSchemaLocation="https://maven.apache.org/surefire/maven-surefire-plugin/xsd/surefire-test-report.xsd" version="3.0.2" name="ntnu.it1901.hilala.checksum.ui.SecondaryControllerTest" time="2.534" tests="1" errors="1" skipped="0" failures="0">
  <properties>
    <property name="java.specification.version" value="21"/>
    <property name="testmode" value="true"/>
    <property name="javafx.runtime.version" value="21+31"/>
    <property name="sun.jnu.encoding" value="UTF-8"/>
    <property name="java.class.path" value="/Users/hilal/Desktop/sist/hilala/hilala-checksum/target/test-classes:/Users/hilal/.m2/repository/org/openjfx/javafx-controls/21/javafx-controls-21.jar:/Users/hilal/.m2/repository/org/openjfx/javafx-graphics/21/javafx-graphics-21.jar:/Users/hilal/.m2/repository/org/openjfx/javafx-base/21/javafx-base-21.jar:/Users/hilal/.m2/repository/org/openjfx/javafx-fxml/21/javafx-fxml-21.jar:/Users/hilal/.m2/repository/org/junit/jupiter/junit-jupiter-api/5.12.2/junit-jupiter-api-5.12.2.jar:/Users/hilal/.m2/repository/org/opentest4j/opentest4j/1.3.0/opentest4j-1.3.0.jar:/Users/hilal/.m2/repository/org/junit/platform/junit-platform-commons/1.12.2/junit-platform-commons-1.12.2.jar:/Users/hilal/.m2/repository/org/apiguardian/apiguardian-api/1.1.2/apiguardian-api-1.1.2.jar:/Users/hilal/.m2/repository/org/junit/jupiter/junit-jupiter-engine/5.12.2/junit-jupiter-engine-5.12.2.jar:/Users/hilal/.m2/repository/org/junit/platform/junit-platform-engine/1.12.2/junit-platform-engine-1.12.2.jar:/Users/hilal/.m2/repository/org/junit/jupiter/junit-jupiter-params/5.12.2/junit-jupiter-params-5.12.2.jar:/Users/hilal/.m2/repository/org/mockito/mockito-core/5.18.0/mockito-core-5.18.0.jar:/Users/hilal/.m2/repository/net/bytebuddy/byte-buddy/1.17.5/byte-buddy-1.17.5.jar:/Users/hilal/.m2/repository/net/bytebuddy/byte-buddy-agent/1.17.5/byte-buddy-agent-1.17.5.jar:/Users/hilal/.m2/repository/org/objenesis/objenesis/3.3/objenesis-3.3.jar:/Users/hilal/.m2/repository/org/testfx/testfx-core/4.0.18/testfx-core-4.0.18.jar:/Users/hilal/.m2/repository/org/assertj/assertj-core/3.13.2/assertj-core-3.13.2.jar:/Users/hilal/.m2/repository/org/osgi/org.osgi.core/6.0.0/org.osgi.core-6.0.0.jar:/Users/hilal/.m2/repository/org/testfx/testfx-junit5/4.0.18/testfx-junit5-4.0.18.jar:/Users/hilal/.m2/repository/org/hamcrest/hamcrest/3.0/hamcrest-3.0.jar:/Users/hilal/.m2/repository/org/apache/logging/log4j/log4j-api/2.25.1/log4j-api-2.25.1.jar:/Users/hilal/.m2/repository/org/apache/logging/log4j/log4j-core/2.25.1/log4j-core-2.25.1.jar:/Users/hilal/.m2/repository/org/apache/logging/log4j/log4j-slf4j-impl/2.25.1/log4j-slf4j-impl-2.25.1.jar:"/>
    <property name="java.vm.vendor" value="Eclipse Adoptium"/>
    <property name="sun.arch.data.model" value="64"/>
    <property name="java.vendor.url" value="https://adoptium.net/"/>
    <property name="user.timezone" value="Europe/Oslo"/>
    <property name="javafx.version" value="21"/>
    <property name="os.name" value="Mac OS X"/>
    <property name="java.vm.specification.version" value="21"/>
    <property name="sun.java.launcher" value="SUN_STANDARD"/>
    <property name="user.country" value="US"/>
    <property name="sun.boot.library.path" value="/Users/hilal/.sdkman/candidates/java/21.0.8-tem/lib"/>
    <property name="sun.java.command" value="org.apache.maven.surefire.booter.ForkedBooter /Users/hilal/Desktop/sist/hilala/hilala-checksum/target/surefire 2025-09-19T20-49-35_344-jvmRun1 surefire-20250919204935442_1tmp surefire_0-20250919204935442_2tmp"/>
    <property name="http.nonProxyHosts" value="local|*.local|169.254/16|*.169.254/16"/>
    <property name="jdk.debug" value="release"/>
    <property name="surefire.test.class.path" value="/Users/hilal/Desktop/sist/hilala/hilala-checksum/target/test-classes:/Users/hilal/.m2/repository/org/openjfx/javafx-controls/21/javafx-controls-21.jar:/Users/hilal/.m2/repository/org/openjfx/javafx-graphics/21/javafx-graphics-21.jar:/Users/hilal/.m2/repository/org/openjfx/javafx-base/21/javafx-base-21.jar:/Users/hilal/.m2/repository/org/openjfx/javafx-fxml/21/javafx-fxml-21.jar:/Users/hilal/.m2/repository/org/junit/jupiter/junit-jupiter-api/5.12.2/junit-jupiter-api-5.12.2.jar:/Users/hilal/.m2/repository/org/opentest4j/opentest4j/1.3.0/opentest4j-1.3.0.jar:/Users/hilal/.m2/repository/org/junit/platform/junit-platform-commons/1.12.2/junit-platform-commons-1.12.2.jar:/Users/hilal/.m2/repository/org/apiguardian/apiguardian-api/1.1.2/apiguardian-api-1.1.2.jar:/Users/hilal/.m2/repository/org/junit/jupiter/junit-jupiter-engine/5.12.2/junit-jupiter-engine-5.12.2.jar:/Users/hilal/.m2/repository/org/junit/platform/junit-platform-engine/1.12.2/junit-platform-engine-1.12.2.jar:/Users/hilal/.m2/repository/org/junit/jupiter/junit-jupiter-params/5.12.2/junit-jupiter-params-5.12.2.jar:/Users/hilal/.m2/repository/org/mockito/mockito-core/5.18.0/mockito-core-5.18.0.jar:/Users/hilal/.m2/repository/net/bytebuddy/byte-buddy/1.17.5/byte-buddy-1.17.5.jar:/Users/hilal/.m2/repository/net/bytebuddy/byte-buddy-agent/1.17.5/byte-buddy-agent-1.17.5.jar:/Users/hilal/.m2/repository/org/objenesis/objenesis/3.3/objenesis-3.3.jar:/Users/hilal/.m2/repository/org/testfx/testfx-core/4.0.18/testfx-core-4.0.18.jar:/Users/hilal/.m2/repository/org/assertj/assertj-core/3.13.2/assertj-core-3.13.2.jar:/Users/hilal/.m2/repository/org/osgi/org.osgi.core/6.0.0/org.osgi.core-6.0.0.jar:/Users/hilal/.m2/repository/org/testfx/testfx-junit5/4.0.18/testfx-junit5-4.0.18.jar:/Users/hilal/.m2/repository/org/hamcrest/hamcrest/3.0/hamcrest-3.0.jar:/Users/hilal/.m2/repository/org/apache/logging/log4j/log4j-api/2.25.1/log4j-api-2.25.1.jar:/Users/hilal/.m2/repository/org/apache/logging/log4j/log4j-core/2.25.1/log4j-core-2.25.1.jar:/Users/hilal/.m2/repository/org/apache/logging/log4j/log4j-slf4j-impl/2.25.1/log4j-slf4j-impl-2.25.1.jar:"/>
    <property name="sun.cpu.endian" value="little"/>
    <property name="user.home" value="/Users/hilal"/>
    <property name="user.language" value="en"/>
    <property name="java.specification.vendor" value="Oracle Corporation"/>
    <property name="jdk.module.path" value="/Users/hilal/Desktop/sist/hilala/hilala-checksum/target/classes:/Users/hilal/.m2/repository/org/openjfx/javafx-controls/21/javafx-controls-21-mac-aarch64.jar:/Users/hilal/.m2/repository/org/openjfx/javafx-graphics/21/javafx-graphics-21-mac-aarch64.jar:/Users/hilal/.m2/repository/org/openjfx/javafx-base/21/javafx-base-21-mac-aarch64.jar:/Users/hilal/.m2/repository/org/openjfx/javafx-fxml/21/javafx-fxml-21-mac-aarch64.jar:/Users/hilal/.m2/repository/org/slf4j/slf4j-api/1.7.36/slf4j-api-1.7.36.jar"/>
    <property name="java.version.date" value="2025-07-15"/>
    <property name="java.home" value="/Users/hilal/.sdkman/candidates/java/21.0.8-tem"/>
    <property name="file.separator" value="/"/>
    <property name="basedir" value="/Users/hilal/Desktop/sist/hilala/hilala-checksum"/>
    <property name="java.vm.compressedOopsMode" value="Zero based"/>
    <property name="line.separator" value="&#10;"/>
    <property name="java.vm.specification.vendor" value="Oracle Corporation"/>
    <property name="java.specification.name" value="Java Platform API Specification"/>
    <property name="apple.awt.application.name" value="ForkedBooter"/>
    <property name="surefire.real.class.path" value="/Users/hilal/.m2/repository/org/apache/maven/surefire/surefire-booter/3.5.3/surefire-booter-3.5.3.jar:/Users/hilal/.m2/repository/org/apache/maven/surefire/surefire-api/3.5.3/surefire-api-3.5.3.jar:/Users/hilal/.m2/repository/org/apache/maven/surefire/surefire-extensions-spi/3.5.3/surefire-extensions-spi-3.5.3.jar:/Users/hilal/.m2/repository/org/apache/maven/surefire/surefire-shared-utils/3.5.3/surefire-shared-utils-3.5.3.jar:/Users/hilal/.m2/repository/org/apache/maven/surefire/surefire-logger-api/3.5.3/surefire-logger-api-3.5.3.jar:/Users/hilal/Desktop/sist/hilala/hilala-checksum/target/test-classes:/Users/hilal/.m2/repository/org/openjfx/javafx-controls/21/javafx-controls-21.jar:/Users/hilal/.m2/repository/org/openjfx/javafx-graphics/21/javafx-graphics-21.jar:/Users/hilal/.m2/repository/org/openjfx/javafx-base/21/javafx-base-21.jar:/Users/hilal/.m2/repository/org/openjfx/javafx-fxml/21/javafx-fxml-21.jar:/Users/hilal/.m2/repository/org/junit/jupiter/junit-jupiter-api/5.12.2/junit-jupiter-api-5.12.2.jar:/Users/hilal/.m2/repository/org/opentest4j/opentest4j/1.3.0/opentest4j-1.3.0.jar:/Users/hilal/.m2/repository/org/junit/platform/junit-platform-commons/1.12.2/junit-platform-commons-1.12.2.jar:/Users/hilal/.m2/repository/org/apiguardian/apiguardian-api/1.1.2/apiguardian-api-1.1.2.jar:/Users/hilal/.m2/repository/org/junit/jupiter/junit-jupiter-engine/5.12.2/junit-jupiter-engine-5.12.2.jar:/Users/hilal/.m2/repository/org/junit/platform/junit-platform-engine/1.12.2/junit-platform-engine-1.12.2.jar:/Users/hilal/.m2/repository/org/junit/jupiter/junit-jupiter-params/5.12.2/junit-jupiter-params-5.12.2.jar:/Users/hilal/.m2/repository/org/mockito/mockito-core/5.18.0/mockito-core-5.18.0.jar:/Users/hilal/.m2/repository/net/bytebuddy/byte-buddy/1.17.5/byte-buddy-1.17.5.jar:/Users/hilal/.m2/repository/net/bytebuddy/byte-buddy-agent/1.17.5/byte-buddy-agent-1.17.5.jar:/Users/hilal/.m2/repository/org/objenesis/objenesis/3.3/objenesis-3.3.jar:/Users/hilal/.m2/repository/org/testfx/testfx-core/4.0.18/testfx-core-4.0.18.jar:/Users/hilal/.m2/repository/org/assertj/assertj-core/3.13.2/assertj-core-3.13.2.jar:/Users/hilal/.m2/repository/org/osgi/org.osgi.core/6.0.0/org.osgi.core-6.0.0.jar:/Users/hilal/.m2/repository/org/testfx/testfx-junit5/4.0.18/testfx-junit5-4.0.18.jar:/Users/hilal/.m2/repository/org/hamcrest/hamcrest/3.0/hamcrest-3.0.jar:/Users/hilal/.m2/repository/org/apache/logging/log4j/log4j-api/2.25.1/log4j-api-2.25.1.jar:/Users/hilal/.m2/repository/org/apache/logging/log4j/log4j-core/2.25.1/log4j-core-2.25.1.jar:/Users/hilal/.m2/repository/org/apache/logging/log4j/log4j-slf4j-impl/2.25.1/log4j-slf4j-impl-2.25.1.jar:/Users/hilal/.m2/repository/org/apache/maven/surefire/surefire-junit-platform/3.5.3/surefire-junit-platform-3.5.3.jar:/Users/hilal/.m2/repository/org/apache/maven/surefire/common-java5/3.5.3/common-java5-3.5.3.jar:/Users/hilal/.m2/repository/org/junit/platform/junit-platform-launcher/1.12.2/junit-platform-launcher-1.12.2.jar"/>
    <property name="sun.management.compiler" value="HotSpot 64-Bit Tiered Compilers"/>
    <property name="ftp.nonProxyHosts" value="local|*.local|169.254/16|*.169.254/16"/>
    <property name="java.runtime.version" value="21.0.8+9-LTS"/>
    <property name="user.name" value="hilal"/>
    <property name="stdout.encoding" value="UTF-8"/>
    <property name="path.separator" value=":"/>
    <property name="os.version" value="15.4"/>
    <property name="java.runtime.name" value="OpenJDK Runtime Environment"/>
    <property name="file.encoding" value="UTF-8"/>
    <property name="java.vm.name" value="OpenJDK 64-Bit Server VM"/>
    <property name="java.vendor.version" value="Temurin-21.0.8+9"/>
    <property name="localRepository" value="/Users/hilal/.m2/repository"/>
    <property name="java.vendor.url.bug" value="https://github.com/adoptium/adoptium-support/issues"/>
    <property name="java.io.tmpdir" value="/var/folders/8s/x3x4qrmj0_365351gllysgyr0000gn/T/"/>
    <property name="java.version" value="21.0.8"/>
    <property name="user.dir" value="/Users/hilal/Desktop/sist/hilala/hilala-checksum"/>
    <property name="os.arch" value="aarch64"/>
    <property name="java.vm.specification.name" value="Java Virtual Machine Specification"/>
    <property name="native.encoding" value="UTF-8"/>
    <property name="java.library.path" value="/Users/hilal/Library/Java/Extensions:/Library/Java/Extensions:/Network/Library/Java/Extensions:/System/Library/Java/Extensions:/usr/lib/java:."/>
    <property name="java.vm.info" value="mixed mode"/>
    <property name="stderr.encoding" value="UTF-8"/>
    <property name="java.vendor" value="Eclipse Adoptium"/>
    <property name="java.vm.version" value="21.0.8+9-LTS"/>
    <property name="sun.io.unicode.encoding" value="UnicodeBig"/>
    <property name="socksNonProxyHosts" value="local|*.local|169.254/16|*.169.254/16"/>
    <property name="java.class.version" value="65.0"/>
  </properties>
  <testcase name="check_details" classname="ntnu.it1901.hilala.checksum.ui.SecondaryControllerTest" time="2.527">
    <error message="there is no node in the scene-graph matching the query: NodeQuery: from nodes: [VBox@6b856d19[styleClass=root]],&#10;lookup by function: &quot;org.testfx.util.NodeQueryUtils$$Lambda/0x000000880043b2b0@160396db&quot;,&#10;lookup by selector: &quot;#lblFilename&quot;" type="org.testfx.service.query.EmptyNodeQueryException"><![CDATA[org.testfx.service.query.EmptyNodeQueryException: 
there is no node in the scene-graph matching the query: NodeQuery: from nodes: [VBox@6b856d19[styleClass=root]],
lookup by function: "org.testfx.util.NodeQueryUtils$$Lambda/0x000000880043b2b0@160396db",
lookup by selector: "#lblFilename"
	at org.testfx.service.query.impl.NodeQueryImpl.query(NodeQueryImpl.java:131)
	at it1901Course@1.0-SNAPSHOT/ntnu.it1901.hilala.checksum.ui.SecondaryControllerTest.check_details(SecondaryControllerTest.java:83)
	at java.base/java.lang.reflect.Method.invoke(Method.java:580)
	at java.base/java.util.ArrayList.forEach(ArrayList.java:1596)
	at java.base/java.util.ArrayList.forEach(ArrayList.java:1596)
]]></error>
  </testcase>
</testsuite>